{"/home/dmitry/Dev/Projects/JS projects/Hexlet/frontend-project-lvl2/__fixtures__/result.js": {"path":"/home/dmitry/Dev/Projects/JS projects/Hexlet/frontend-project-lvl2/__fixtures__/result.js","statementMap":{"0":{"start":{"line":1,"column":15},"end":{"line":8,"column":2}}},"fnMap":{},"branchMap":{},"s":{"0":1},"f":{},"b":{},"_coverageSchema":"1a1c01bbd47fc00a2c39e90264f33305004495a9","hash":"53663e18a1cf841276daf243fa712828fa4a4392"}
,"/home/dmitry/Dev/Projects/JS projects/Hexlet/frontend-project-lvl2/src/index.js": {"path":"/home/dmitry/Dev/Projects/JS projects/Hexlet/frontend-project-lvl2/src/index.js","statementMap":{"0":{"start":{"line":6,"column":17},"end":{"line":32,"column":1}},"1":{"start":{"line":7,"column":28},"end":{"line":7,"column":66}},"2":{"start":{"line":8,"column":29},"end":{"line":8,"column":68}},"3":{"start":{"line":10,"column":20},"end":{"line":10,"column":66}},"4":{"start":{"line":11,"column":21},"end":{"line":11,"column":68}},"5":{"start":{"line":13,"column":15},"end":{"line":14,"column":77}},"6":{"start":{"line":14,"column":27},"end":{"line":14,"column":71}},"7":{"start":{"line":16,"column":17},"end":{"line":29,"column":8}},"8":{"start":{"line":17,"column":23},"end":{"line":17,"column":37}},"9":{"start":{"line":18,"column":24},"end":{"line":18,"column":39}},"10":{"start":{"line":20,"column":23},"end":{"line":20,"column":50}},"11":{"start":{"line":21,"column":20},"end":{"line":21,"column":48}},"12":{"start":{"line":22,"column":21},"end":{"line":22,"column":48}},"13":{"start":{"line":24,"column":4},"end":{"line":26,"column":5}},"14":{"start":{"line":25,"column":6},"end":{"line":25,"column":93}},"15":{"start":{"line":28,"column":4},"end":{"line":28,"column":74}},"16":{"start":{"line":31,"column":2},"end":{"line":31,"column":34}}},"fnMap":{"0":{"name":"(anonymous_0)","decl":{"start":{"line":6,"column":17},"end":{"line":6,"column":18}},"loc":{"start":{"line":6,"column":44},"end":{"line":32,"column":1}},"line":6},"1":{"name":"(anonymous_1)","decl":{"start":{"line":14,"column":12},"end":{"line":14,"column":13}},"loc":{"start":{"line":14,"column":27},"end":{"line":14,"column":71}},"line":14},"2":{"name":"(anonymous_2)","decl":{"start":{"line":16,"column":29},"end":{"line":16,"column":30}},"loc":{"start":{"line":16,"column":43},"end":{"line":29,"column":3}},"line":16}},"branchMap":{"0":{"loc":{"start":{"line":14,"column":27},"end":{"line":14,"column":71}},"type":"cond-expr","locations":[{"start":{"line":14,"column":47},"end":{"line":14,"column":55}},{"start":{"line":14,"column":58},"end":{"line":14,"column":71}}],"line":14},"1":{"loc":{"start":{"line":24,"column":4},"end":{"line":26,"column":5}},"type":"if","locations":[{"start":{"line":24,"column":4},"end":{"line":26,"column":5}},{"start":{"line":24,"column":4},"end":{"line":26,"column":5}}],"line":24},"2":{"loc":{"start":{"line":24,"column":8},"end":{"line":24,"column":55}},"type":"binary-expr","locations":[{"start":{"line":24,"column":8},"end":{"line":24,"column":29}},{"start":{"line":24,"column":33},"end":{"line":24,"column":55}}],"line":24},"3":{"loc":{"start":{"line":25,"column":13},"end":{"line":25,"column":92}},"type":"cond-expr","locations":[{"start":{"line":25,"column":42},"end":{"line":25,"column":62}},{"start":{"line":25,"column":65},"end":{"line":25,"column":92}}],"line":25},"4":{"loc":{"start":{"line":28,"column":11},"end":{"line":28,"column":73}},"type":"cond-expr","locations":[{"start":{"line":28,"column":35},"end":{"line":28,"column":53}},{"start":{"line":28,"column":56},"end":{"line":28,"column":73}}],"line":28}},"s":{"0":1,"1":1,"2":1,"3":1,"4":1,"5":1,"6":7,"7":1,"8":5,"9":5,"10":5,"11":5,"12":5,"13":5,"14":2,"15":3,"16":1},"f":{"0":1,"1":7,"2":5},"b":{"0":[2,5],"1":[2,3],"2":[5,4],"3":[1,1],"4":[2,1]},"_coverageSchema":"1a1c01bbd47fc00a2c39e90264f33305004495a9","hash":"df458f530b2d3e410448f3f65804447f8d318c0e"}
}
