TN:
SF:__fixtures__/result.js
FNF:0
FNH:0
DA:1,1
LF:1
LH:1
BRF:0
BRH:0
end_of_record
TN:
SF:src/index.js
FN:6,(anonymous_0)
FN:14,(anonymous_1)
FN:16,(anonymous_2)
FNF:3
FNH:3
FNDA:1,(anonymous_0)
FNDA:7,(anonymous_1)
FNDA:5,(anonymous_2)
DA:6,1
DA:7,1
DA:8,1
DA:10,1
DA:11,1
DA:13,1
DA:14,7
DA:16,1
DA:17,5
DA:18,5
DA:20,5
DA:21,5
DA:22,5
DA:24,5
DA:25,2
DA:28,3
DA:31,1
LF:17
LH:17
BRDA:14,0,0,2
BRDA:14,0,1,5
BRDA:24,1,0,2
BRDA:24,1,1,3
BRDA:24,2,0,5
BRDA:24,2,1,4
BRDA:25,3,0,1
BRDA:25,3,1,1
BRDA:28,4,0,2
BRDA:28,4,1,1
BRF:10
BRH:10
end_of_record
